[2023-03-10 15:42:22,318] 17 root _ INFO _ >> *20  DATA INGESTION <<<<<<<<<<<<<<<<<<<<<<<<<<<<<<<<<<<<<<<<
[2023-03-10 15:42:22,318] 28 root _ INFO _ Transforming received collection as data frame
[2023-03-10 15:42:22,318] 12 root _ INFO _ reading data form data base phsing_domaain and collection website
[2023-03-10 15:42:48,905] 14 root _ INFO _ found columns:Index(['_id', 'qty_dot_url', 'qty_hyphen_url', 'qty_underline_url',
       'qty_slash_url', 'qty_questionmark_url', 'qty_equal_url', 'qty_at_url',
       'qty_and_url', 'qty_exclamation_url',
       ...
       'qty_ip_resolved', 'qty_nameservers', 'qty_mx_servers', 'ttl_hostname',
       'tls_ssl_certificate', 'qty_redirects', 'url_google_index',
       'domain_google_index', 'url_shortened', 'phishing'],
      dtype='object', length=113)
[2023-03-10 15:42:48,906] 31 root _ INFO _ Dropping index column
[2023-03-10 15:42:49,075] 34 root _ INFO _ if dat contain 'na' values replacing them with numpy nan valyues
[2023-03-10 15:42:49,077] 37 root _ INFO _ data set contains duplicate values so droping duplicate values
[2023-03-10 15:42:49,483] 40 root _ INFO _ creating feature store file if not exists
[2023-03-10 15:42:49,484] 44 root _ INFO _ Storing data frame into  a .csv file
[2023-03-10 15:42:59,659] 47 root _ INFO _ spiting data into train and test parts
[2023-03-10 15:42:59,825] 50 root _ INFO _ creating a dataset file if not exists
[2023-03-10 15:42:59,825] 54 root _ INFO _ storing train data set into train file
[2023-03-10 15:43:07,356] 57 root _ INFO _ storing test file into test.csv file
[2023-03-10 15:43:09,884] 60 root _ INFO _ preparing artifact
[2023-03-10 15:43:09,884] 67 root _ INFO _ data ingestion artifact : DataIngestionArtifact(feature_store_file_path='/config/workspace/artifacts/10032023__154222/data_ingestion/feature_store/phising.csv', train_file_path='/config/workspace/artifacts/10032023__154222/data_ingestion/data_set/train.csv', test_file_path='/config/workspace/artifacts/10032023__154222/data_ingestion/data_set/test.csv')
[2023-03-10 15:43:09,894] 28 root _ INFO _ Transforming received collection as data frame
[2023-03-10 15:43:09,895] 12 root _ INFO _ reading data form data base phsing_domaain and collection website
[2023-03-10 15:43:27,293] 14 root _ INFO _ found columns:Index(['_id', 'qty_dot_url', 'qty_hyphen_url', 'qty_underline_url',
       'qty_slash_url', 'qty_questionmark_url', 'qty_equal_url', 'qty_at_url',
       'qty_and_url', 'qty_exclamation_url',
       ...
       'qty_ip_resolved', 'qty_nameservers', 'qty_mx_servers', 'ttl_hostname',
       'tls_ssl_certificate', 'qty_redirects', 'url_google_index',
       'domain_google_index', 'url_shortened', 'phishing'],
      dtype='object', length=113)
[2023-03-10 15:43:27,294] 31 root _ INFO _ Dropping index column
[2023-03-10 15:43:27,420] 34 root _ INFO _ if dat contain 'na' values replacing them with numpy nan valyues
[2023-03-10 15:43:27,421] 37 root _ INFO _ data set contains duplicate values so droping duplicate values
[2023-03-10 15:43:27,830] 40 root _ INFO _ creating feature store file if not exists
[2023-03-10 15:43:27,831] 44 root _ INFO _ Storing data frame into  a .csv file
[2023-03-10 15:43:37,975] 47 root _ INFO _ spiting data into train and test parts
[2023-03-10 15:43:38,133] 50 root _ INFO _ creating a dataset file if not exists
[2023-03-10 15:43:38,133] 54 root _ INFO _ storing train data set into train file
[2023-03-10 15:43:45,779] 57 root _ INFO _ storing test file into test.csv file
[2023-03-10 15:43:48,349] 60 root _ INFO _ preparing artifact
[2023-03-10 15:43:48,350] 67 root _ INFO _ data ingestion artifact : DataIngestionArtifact(feature_store_file_path='/config/workspace/artifacts/10032023__154222/data_ingestion/feature_store/phising.csv', train_file_path='/config/workspace/artifacts/10032023__154222/data_ingestion/data_set/train.csv', test_file_path='/config/workspace/artifacts/10032023__154222/data_ingestion/data_set/test.csv')
[2023-03-10 15:43:48,359] 16 root _ INFO _ >> *20 DATA VALIDATION << *20
[2023-03-10 15:43:48,359] 77 root _ INFO _ Reading base dataframe
[2023-03-10 15:43:50,035] 79 root _ INFO _ replacing na values with np.nan
[2023-03-10 15:43:50,037] 81 root _ INFO _ if base data contains any duplkicates values dropiing them
[2023-03-10 15:43:50,357] 85 root _ INFO _ reading train data from train.csv file
[2023-03-10 15:43:52,707] 87 root _ INFO _ reading testr data from test.csv file 
[2023-03-10 15:43:56,978] 96 root _ INFO _ is all required columns exists in train_df
[2023-03-10 15:43:56,978] 26 root _ INFO _ As the dataset doe not contain any null values oing to checking is required columns exist
[2023-03-10 15:43:56,979] 98 root _ INFO _ is all reqyuired columns exist in test data 
[2023-03-10 15:43:56,979] 26 root _ INFO _ As the dataset doe not contain any null values oing to checking is required columns exist
[2023-03-10 15:43:56,979] 103 root _ INFO _ all columns present in train dataset, hence detecting data drift
[2023-03-10 15:43:56,979] 54 root _ INFO _ Hypothesis qty_dot_url: float64, float64 
[2023-03-10 15:43:57,108] 54 root _ INFO _ Hypothesis qty_hyphen_url: float64, float64 
[2023-03-10 15:43:57,222] 54 root _ INFO _ Hypothesis qty_underline_url: float64, float64 
[2023-03-10 15:43:57,336] 54 root _ INFO _ Hypothesis qty_slash_url: float64, float64 
[2023-03-10 15:43:57,357] 54 root _ INFO _ Hypothesis qty_questionmark_url: float64, float64 
[2023-03-10 15:43:57,465] 54 root _ INFO _ Hypothesis qty_equal_url: float64, float64 
[2023-03-10 15:43:57,579] 54 root _ INFO _ Hypothesis qty_at_url: float64, float64 
[2023-03-10 15:43:57,691] 54 root _ INFO _ Hypothesis qty_and_url: float64, float64 
[2023-03-10 15:43:57,802] 54 root _ INFO _ Hypothesis qty_exclamation_url: float64, float64 
[2023-03-10 15:43:57,908] 54 root _ INFO _ Hypothesis qty_space_url: float64, float64 
[2023-03-10 15:43:58,016] 54 root _ INFO _ Hypothesis qty_tilde_url: float64, float64 
[2023-03-10 15:43:58,122] 54 root _ INFO _ Hypothesis qty_comma_url: float64, float64 
[2023-03-10 15:43:58,232] 54 root _ INFO _ Hypothesis qty_plus_url: float64, float64 
[2023-03-10 15:43:58,337] 54 root _ INFO _ Hypothesis qty_asterisk_url: float64, float64 
[2023-03-10 15:43:58,350] 54 root _ INFO _ Hypothesis qty_hashtag_url: float64, float64 
[2023-03-10 15:43:58,363] 54 root _ INFO _ Hypothesis qty_dollar_url: float64, float64 
[2023-03-10 15:43:58,472] 54 root _ INFO _ Hypothesis qty_percent_url: float64, float64 
[2023-03-10 15:43:58,582] 54 root _ INFO _ Hypothesis qty_tld_url: float64, float64 
[2023-03-10 15:43:58,695] 54 root _ INFO _ Hypothesis length_url: float64, float64 
[2023-03-10 15:43:58,989] 54 root _ INFO _ Hypothesis qty_dot_domain: float64, float64 
[2023-03-10 15:43:59,105] 54 root _ INFO _ Hypothesis qty_hyphen_domain: float64, float64 
[2023-03-10 15:43:59,208] 54 root _ INFO _ Hypothesis qty_underline_domain: float64, float64 
[2023-03-10 15:43:59,311] 54 root _ INFO _ Hypothesis qty_slash_domain: float64, float64 
[2023-03-10 15:43:59,320] 54 root _ INFO _ Hypothesis qty_questionmark_domain: float64, float64 
[2023-03-10 15:43:59,329] 54 root _ INFO _ Hypothesis qty_equal_domain: float64, float64 
[2023-03-10 15:43:59,339] 54 root _ INFO _ Hypothesis qty_at_domain: float64, float64 
[2023-03-10 15:43:59,348] 54 root _ INFO _ Hypothesis qty_and_domain: float64, float64 
[2023-03-10 15:43:59,358] 54 root _ INFO _ Hypothesis qty_exclamation_domain: float64, float64 
[2023-03-10 15:43:59,367] 54 root _ INFO _ Hypothesis qty_space_domain: float64, float64 
[2023-03-10 15:43:59,376] 54 root _ INFO _ Hypothesis qty_tilde_domain: float64, float64 
[2023-03-10 15:43:59,386] 54 root _ INFO _ Hypothesis qty_comma_domain: float64, float64 
[2023-03-10 15:43:59,396] 54 root _ INFO _ Hypothesis qty_plus_domain: float64, float64 
[2023-03-10 15:43:59,405] 54 root _ INFO _ Hypothesis qty_asterisk_domain: float64, float64 
[2023-03-10 15:43:59,415] 54 root _ INFO _ Hypothesis qty_hashtag_domain: float64, float64 
[2023-03-10 15:43:59,424] 54 root _ INFO _ Hypothesis qty_dollar_domain: float64, float64 
[2023-03-10 15:43:59,434] 54 root _ INFO _ Hypothesis qty_percent_domain: float64, float64 
[2023-03-10 15:43:59,444] 54 root _ INFO _ Hypothesis qty_vowels_domain: float64, float64 
[2023-03-10 15:43:59,842] 54 root _ INFO _ Hypothesis domain_length: float64, float64 
[2023-03-10 15:44:00,535] 54 root _ INFO _ Hypothesis domain_in_ip: float64, float64 
[2023-03-10 15:44:00,647] 54 root _ INFO _ Hypothesis server_client_domain: float64, float64 
[2023-03-10 15:44:00,758] 54 root _ INFO _ Hypothesis qty_dot_directory: float64, float64 
[2023-03-10 15:44:00,873] 54 root _ INFO _ Hypothesis qty_hyphen_directory: float64, float64 
[2023-03-10 15:44:00,989] 54 root _ INFO _ Hypothesis qty_underline_directory: float64, float64 
[2023-03-10 15:44:01,105] 54 root _ INFO _ Hypothesis qty_slash_directory: float64, float64 
[2023-03-10 15:44:01,127] 54 root _ INFO _ Hypothesis qty_questionmark_directory: float64, float64 
[2023-03-10 15:44:01,237] 54 root _ INFO _ Hypothesis qty_equal_directory: float64, float64 
[2023-03-10 15:44:01,351] 54 root _ INFO _ Hypothesis qty_at_directory: float64, float64 
[2023-03-10 15:44:01,465] 54 root _ INFO _ Hypothesis qty_and_directory: float64, float64 
[2023-03-10 15:44:01,579] 54 root _ INFO _ Hypothesis qty_exclamation_directory: float64, float64 
[2023-03-10 15:44:01,691] 54 root _ INFO _ Hypothesis qty_space_directory: float64, float64 
[2023-03-10 15:44:01,805] 54 root _ INFO _ Hypothesis qty_tilde_directory: float64, float64 
[2023-03-10 15:44:01,920] 54 root _ INFO _ Hypothesis qty_comma_directory: float64, float64 
[2023-03-10 15:44:02,033] 54 root _ INFO _ Hypothesis qty_plus_directory: float64, float64 
[2023-03-10 15:44:02,147] 54 root _ INFO _ Hypothesis qty_asterisk_directory: float64, float64 
[2023-03-10 15:44:02,259] 54 root _ INFO _ Hypothesis qty_hashtag_directory: float64, float64 
[2023-03-10 15:44:02,369] 54 root _ INFO _ Hypothesis qty_dollar_directory: float64, float64 
[2023-03-10 15:44:02,481] 54 root _ INFO _ Hypothesis qty_percent_directory: float64, float64 
[2023-03-10 15:44:02,595] 54 root _ INFO _ Hypothesis directory_length: float64, float64 
[2023-03-10 15:44:03,052] 54 root _ INFO _ Hypothesis qty_dot_file: float64, float64 
[2023-03-10 15:44:03,168] 54 root _ INFO _ Hypothesis qty_hyphen_file: float64, float64 
[2023-03-10 15:44:03,283] 54 root _ INFO _ Hypothesis qty_underline_file: float64, float64 
[2023-03-10 15:44:03,396] 54 root _ INFO _ Hypothesis qty_slash_file: float64, float64 
[2023-03-10 15:44:03,508] 54 root _ INFO _ Hypothesis qty_questionmark_file: float64, float64 
[2023-03-10 15:44:03,618] 54 root _ INFO _ Hypothesis qty_equal_file: float64, float64 
[2023-03-10 15:44:03,731] 54 root _ INFO _ Hypothesis qty_at_file: float64, float64 
[2023-03-10 15:44:03,843] 54 root _ INFO _ Hypothesis qty_and_file: float64, float64 
[2023-03-10 15:44:03,959] 54 root _ INFO _ Hypothesis qty_exclamation_file: float64, float64 
[2023-03-10 15:44:04,072] 54 root _ INFO _ Hypothesis qty_space_file: float64, float64 
[2023-03-10 15:44:04,186] 54 root _ INFO _ Hypothesis qty_tilde_file: float64, float64 
[2023-03-10 15:44:04,301] 54 root _ INFO _ Hypothesis qty_comma_file: float64, float64 
[2023-03-10 15:44:04,415] 54 root _ INFO _ Hypothesis qty_plus_file: float64, float64 
[2023-03-10 15:44:04,527] 54 root _ INFO _ Hypothesis qty_asterisk_file: float64, float64 
[2023-03-10 15:44:04,640] 54 root _ INFO _ Hypothesis qty_hashtag_file: float64, float64 
[2023-03-10 15:44:04,751] 54 root _ INFO _ Hypothesis qty_dollar_file: float64, float64 
[2023-03-10 15:44:04,863] 54 root _ INFO _ Hypothesis qty_percent_file: float64, float64 
[2023-03-10 15:44:04,976] 54 root _ INFO _ Hypothesis file_length: float64, float64 
[2023-03-10 15:44:05,096] 54 root _ INFO _ Hypothesis qty_dot_params: float64, float64 
[2023-03-10 15:44:05,209] 54 root _ INFO _ Hypothesis qty_hyphen_params: float64, float64 
[2023-03-10 15:44:05,323] 54 root _ INFO _ Hypothesis qty_underline_params: float64, float64 
[2023-03-10 15:44:05,435] 54 root _ INFO _ Hypothesis qty_slash_params: float64, float64 
[2023-03-10 15:44:05,550] 54 root _ INFO _ Hypothesis qty_questionmark_params: float64, float64 
[2023-03-10 15:44:05,662] 54 root _ INFO _ Hypothesis qty_equal_params: float64, float64 
[2023-03-10 15:44:05,776] 54 root _ INFO _ Hypothesis qty_at_params: float64, float64 
[2023-03-10 15:44:05,887] 54 root _ INFO _ Hypothesis qty_and_params: float64, float64 
[2023-03-10 15:44:06,000] 54 root _ INFO _ Hypothesis qty_exclamation_params: float64, float64 
[2023-03-10 15:44:06,112] 54 root _ INFO _ Hypothesis qty_space_params: float64, float64 
[2023-03-10 15:44:06,225] 54 root _ INFO _ Hypothesis qty_tilde_params: float64, float64 
[2023-03-10 15:44:06,343] 54 root _ INFO _ Hypothesis qty_comma_params: float64, float64 
[2023-03-10 15:44:06,456] 54 root _ INFO _ Hypothesis qty_plus_params: float64, float64 
[2023-03-10 15:44:06,570] 54 root _ INFO _ Hypothesis qty_asterisk_params: float64, float64 
[2023-03-10 15:44:06,685] 54 root _ INFO _ Hypothesis qty_hashtag_params: float64, float64 
[2023-03-10 15:44:06,796] 54 root _ INFO _ Hypothesis qty_dollar_params: float64, float64 
[2023-03-10 15:44:06,909] 54 root _ INFO _ Hypothesis qty_percent_params: float64, float64 
[2023-03-10 15:44:07,023] 54 root _ INFO _ Hypothesis params_length: float64, float64 
[2023-03-10 15:44:07,138] 54 root _ INFO _ Hypothesis tld_present_params: float64, float64 
[2023-03-10 15:44:07,253] 54 root _ INFO _ Hypothesis qty_params: float64, float64 
[2023-03-10 15:44:07,365] 54 root _ INFO _ Hypothesis email_in_url: float64, float64 
[2023-03-10 15:44:07,382] 54 root _ INFO _ Hypothesis time_response: float64, float64 
[2023-03-10 15:44:07,416] 54 root _ INFO _ Hypothesis domain_spf: float64, float64 
[2023-03-10 15:44:07,531] 54 root _ INFO _ Hypothesis asn_ip: float64, float64 
[2023-03-10 15:44:07,559] 54 root _ INFO _ Hypothesis time_domain_activation: float64, float64 
[2023-03-10 15:44:07,590] 54 root _ INFO _ Hypothesis time_domain_expiration: float64, float64 
[2023-03-10 15:44:07,619] 54 root _ INFO _ Hypothesis qty_ip_resolved: float64, float64 
[2023-03-10 15:44:07,735] 54 root _ INFO _ Hypothesis qty_nameservers: float64, float64 
[2023-03-10 15:44:07,853] 54 root _ INFO _ Hypothesis qty_mx_servers: float64, float64 
[2023-03-10 15:44:07,875] 54 root _ INFO _ Hypothesis ttl_hostname: float64, float64 
[2023-03-10 15:44:07,905] 54 root _ INFO _ Hypothesis tls_ssl_certificate: float64, float64 
[2023-03-10 15:44:08,019] 54 root _ INFO _ Hypothesis qty_redirects: float64, float64 
[2023-03-10 15:44:08,138] 54 root _ INFO _ Hypothesis url_google_index: float64, float64 
[2023-03-10 15:44:08,247] 54 root _ INFO _ Hypothesis domain_google_index: float64, float64 
[2023-03-10 15:44:08,357] 54 root _ INFO _ Hypothesis url_shortened: float64, float64 
[2023-03-10 15:44:08,468] 54 root _ INFO _ Hypothesis phishing: int64, float64 
[2023-03-10 15:44:08,581] 106 root _ INFO _ all columns are present in test dataset hence detecting data drift
[2023-03-10 15:44:08,582] 54 root _ INFO _ Hypothesis qty_dot_url: float64, float64 
[2023-03-10 15:44:08,643] 54 root _ INFO _ Hypothesis qty_hyphen_url: float64, float64 
[2023-03-10 15:44:08,657] 54 root _ INFO _ Hypothesis qty_underline_url: float64, float64 
[2023-03-10 15:44:08,715] 54 root _ INFO _ Hypothesis qty_slash_url: float64, float64 
[2023-03-10 15:44:08,732] 54 root _ INFO _ Hypothesis qty_questionmark_url: float64, float64 
[2023-03-10 15:44:08,789] 54 root _ INFO _ Hypothesis qty_equal_url: float64, float64 
[2023-03-10 15:44:08,848] 54 root _ INFO _ Hypothesis qty_at_url: float64, float64 
[2023-03-10 15:44:08,905] 54 root _ INFO _ Hypothesis qty_and_url: float64, float64 
[2023-03-10 15:44:08,963] 54 root _ INFO _ Hypothesis qty_exclamation_url: float64, float64 
[2023-03-10 15:44:09,019] 54 root _ INFO _ Hypothesis qty_space_url: float64, float64 
[2023-03-10 15:44:09,075] 54 root _ INFO _ Hypothesis qty_tilde_url: float64, float64 
[2023-03-10 15:44:09,130] 54 root _ INFO _ Hypothesis qty_comma_url: float64, float64 
[2023-03-10 15:44:09,186] 54 root _ INFO _ Hypothesis qty_plus_url: float64, float64 
[2023-03-10 15:44:09,241] 54 root _ INFO _ Hypothesis qty_asterisk_url: float64, float64 
[2023-03-10 15:44:09,295] 54 root _ INFO _ Hypothesis qty_hashtag_url: float64, float64 
[2023-03-10 15:44:09,304] 54 root _ INFO _ Hypothesis qty_dollar_url: float64, float64 
[2023-03-10 15:44:09,359] 54 root _ INFO _ Hypothesis qty_percent_url: float64, float64 
[2023-03-10 15:44:09,417] 54 root _ INFO _ Hypothesis qty_tld_url: float64, float64 
[2023-03-10 15:44:09,476] 54 root _ INFO _ Hypothesis length_url: float64, float64 
[2023-03-10 15:44:09,494] 54 root _ INFO _ Hypothesis qty_dot_domain: float64, float64 
[2023-03-10 15:44:09,554] 54 root _ INFO _ Hypothesis qty_hyphen_domain: float64, float64 
[2023-03-10 15:44:09,568] 54 root _ INFO _ Hypothesis qty_underline_domain: float64, float64 
[2023-03-10 15:44:09,623] 54 root _ INFO _ Hypothesis qty_slash_domain: float64, float64 
[2023-03-10 15:44:09,631] 54 root _ INFO _ Hypothesis qty_questionmark_domain: float64, float64 
[2023-03-10 15:44:09,639] 54 root _ INFO _ Hypothesis qty_equal_domain: float64, float64 
[2023-03-10 15:44:09,646] 54 root _ INFO _ Hypothesis qty_at_domain: float64, float64 
[2023-03-10 15:44:09,654] 54 root _ INFO _ Hypothesis qty_and_domain: float64, float64 
[2023-03-10 15:44:09,662] 54 root _ INFO _ Hypothesis qty_exclamation_domain: float64, float64 
[2023-03-10 15:44:09,669] 54 root _ INFO _ Hypothesis qty_space_domain: float64, float64 
[2023-03-10 15:44:09,677] 54 root _ INFO _ Hypothesis qty_tilde_domain: float64, float64 
[2023-03-10 15:44:09,684] 54 root _ INFO _ Hypothesis qty_comma_domain: float64, float64 
[2023-03-10 15:44:09,692] 54 root _ INFO _ Hypothesis qty_plus_domain: float64, float64 
[2023-03-10 15:44:09,700] 54 root _ INFO _ Hypothesis qty_asterisk_domain: float64, float64 
[2023-03-10 15:44:09,707] 54 root _ INFO _ Hypothesis qty_hashtag_domain: float64, float64 
[2023-03-10 15:44:09,715] 54 root _ INFO _ Hypothesis qty_dollar_domain: float64, float64 
[2023-03-10 15:44:09,723] 54 root _ INFO _ Hypothesis qty_percent_domain: float64, float64 
[2023-03-10 15:44:09,731] 54 root _ INFO _ Hypothesis qty_vowels_domain: float64, float64 
[2023-03-10 15:44:09,748] 54 root _ INFO _ Hypothesis domain_length: float64, float64 
[2023-03-10 15:44:09,766] 54 root _ INFO _ Hypothesis domain_in_ip: float64, float64 
[2023-03-10 15:44:09,821] 54 root _ INFO _ Hypothesis server_client_domain: float64, float64 
[2023-03-10 15:44:09,877] 54 root _ INFO _ Hypothesis qty_dot_directory: float64, float64 
[2023-03-10 15:44:09,938] 54 root _ INFO _ Hypothesis qty_hyphen_directory: float64, float64 
[2023-03-10 15:44:09,997] 54 root _ INFO _ Hypothesis qty_underline_directory: float64, float64 
[2023-03-10 15:44:10,057] 54 root _ INFO _ Hypothesis qty_slash_directory: float64, float64 
[2023-03-10 15:44:10,073] 54 root _ INFO _ Hypothesis qty_questionmark_directory: float64, float64 
[2023-03-10 15:44:10,130] 54 root _ INFO _ Hypothesis qty_equal_directory: float64, float64 
[2023-03-10 15:44:10,191] 54 root _ INFO _ Hypothesis qty_at_directory: float64, float64 
[2023-03-10 15:44:10,248] 54 root _ INFO _ Hypothesis qty_and_directory: float64, float64 
[2023-03-10 15:44:10,308] 54 root _ INFO _ Hypothesis qty_exclamation_directory: float64, float64 
[2023-03-10 15:44:10,366] 54 root _ INFO _ Hypothesis qty_space_directory: float64, float64 
[2023-03-10 15:44:10,424] 54 root _ INFO _ Hypothesis qty_tilde_directory: float64, float64 
[2023-03-10 15:44:10,482] 54 root _ INFO _ Hypothesis qty_comma_directory: float64, float64 
[2023-03-10 15:44:10,540] 54 root _ INFO _ Hypothesis qty_plus_directory: float64, float64 
[2023-03-10 15:44:10,598] 54 root _ INFO _ Hypothesis qty_asterisk_directory: float64, float64 
[2023-03-10 15:44:10,656] 54 root _ INFO _ Hypothesis qty_hashtag_directory: float64, float64 
[2023-03-10 15:44:10,712] 54 root _ INFO _ Hypothesis qty_dollar_directory: float64, float64 
[2023-03-10 15:44:10,770] 54 root _ INFO _ Hypothesis qty_percent_directory: float64, float64 
[2023-03-10 15:44:10,829] 54 root _ INFO _ Hypothesis directory_length: float64, float64 
[2023-03-10 15:44:10,845] 54 root _ INFO _ Hypothesis qty_dot_file: float64, float64 
[2023-03-10 15:44:10,906] 54 root _ INFO _ Hypothesis qty_hyphen_file: float64, float64 
[2023-03-10 15:44:10,964] 54 root _ INFO _ Hypothesis qty_underline_file: float64, float64 
[2023-03-10 15:44:11,022] 54 root _ INFO _ Hypothesis qty_slash_file: float64, float64 
[2023-03-10 15:44:11,079] 54 root _ INFO _ Hypothesis qty_questionmark_file: float64, float64 
[2023-03-10 15:44:11,137] 54 root _ INFO _ Hypothesis qty_equal_file: float64, float64 
[2023-03-10 15:44:11,195] 54 root _ INFO _ Hypothesis qty_at_file: float64, float64 
[2023-03-10 15:44:11,253] 54 root _ INFO _ Hypothesis qty_and_file: float64, float64 
[2023-03-10 15:44:11,311] 54 root _ INFO _ Hypothesis qty_exclamation_file: float64, float64 
[2023-03-10 15:44:11,369] 54 root _ INFO _ Hypothesis qty_space_file: float64, float64 
[2023-03-10 15:44:11,425] 54 root _ INFO _ Hypothesis qty_tilde_file: float64, float64 
[2023-03-10 15:44:11,483] 54 root _ INFO _ Hypothesis qty_comma_file: float64, float64 
[2023-03-10 15:44:11,541] 54 root _ INFO _ Hypothesis qty_plus_file: float64, float64 
[2023-03-10 15:44:11,598] 54 root _ INFO _ Hypothesis qty_asterisk_file: float64, float64 
[2023-03-10 15:44:11,656] 54 root _ INFO _ Hypothesis qty_hashtag_file: float64, float64 
[2023-03-10 15:44:11,712] 54 root _ INFO _ Hypothesis qty_dollar_file: float64, float64 
[2023-03-10 15:44:11,769] 54 root _ INFO _ Hypothesis qty_percent_file: float64, float64 
[2023-03-10 15:44:11,827] 54 root _ INFO _ Hypothesis file_length: float64, float64 
[2023-03-10 15:44:11,842] 54 root _ INFO _ Hypothesis qty_dot_params: float64, float64 
[2023-03-10 15:44:11,902] 54 root _ INFO _ Hypothesis qty_hyphen_params: float64, float64 
[2023-03-10 15:44:11,960] 54 root _ INFO _ Hypothesis qty_underline_params: float64, float64 
[2023-03-10 15:44:12,018] 54 root _ INFO _ Hypothesis qty_slash_params: float64, float64 
[2023-03-10 15:44:12,077] 54 root _ INFO _ Hypothesis qty_questionmark_params: float64, float64 
[2023-03-10 15:44:12,136] 54 root _ INFO _ Hypothesis qty_equal_params: float64, float64 
[2023-03-10 15:44:12,195] 54 root _ INFO _ Hypothesis qty_at_params: float64, float64 
[2023-03-10 15:44:12,255] 54 root _ INFO _ Hypothesis qty_and_params: float64, float64 
[2023-03-10 15:44:12,314] 54 root _ INFO _ Hypothesis qty_exclamation_params: float64, float64 
[2023-03-10 15:44:12,374] 54 root _ INFO _ Hypothesis qty_space_params: float64, float64 
[2023-03-10 15:44:12,431] 54 root _ INFO _ Hypothesis qty_tilde_params: float64, float64 
[2023-03-10 15:44:12,490] 54 root _ INFO _ Hypothesis qty_comma_params: float64, float64 
[2023-03-10 15:44:12,548] 54 root _ INFO _ Hypothesis qty_plus_params: float64, float64 
[2023-03-10 15:44:12,606] 54 root _ INFO _ Hypothesis qty_asterisk_params: float64, float64 
[2023-03-10 15:44:12,664] 54 root _ INFO _ Hypothesis qty_hashtag_params: float64, float64 
[2023-03-10 15:44:12,721] 54 root _ INFO _ Hypothesis qty_dollar_params: float64, float64 
[2023-03-10 15:44:12,780] 54 root _ INFO _ Hypothesis qty_percent_params: float64, float64 
[2023-03-10 15:44:12,838] 54 root _ INFO _ Hypothesis params_length: float64, float64 
[2023-03-10 15:44:12,896] 54 root _ INFO _ Hypothesis tld_present_params: float64, float64 
[2023-03-10 15:44:12,954] 54 root _ INFO _ Hypothesis qty_params: float64, float64 
[2023-03-10 15:44:13,013] 54 root _ INFO _ Hypothesis email_in_url: float64, float64 
[2023-03-10 15:44:13,069] 54 root _ INFO _ Hypothesis time_response: float64, float64 
[2023-03-10 15:44:13,093] 54 root _ INFO _ Hypothesis domain_spf: float64, float64 
[2023-03-10 15:44:13,107] 54 root _ INFO _ Hypothesis asn_ip: float64, float64 
[2023-03-10 15:44:13,127] 54 root _ INFO _ Hypothesis time_domain_activation: float64, float64 
[2023-03-10 15:44:13,149] 54 root _ INFO _ Hypothesis time_domain_expiration: float64, float64 
[2023-03-10 15:44:13,170] 54 root _ INFO _ Hypothesis qty_ip_resolved: float64, float64 
[2023-03-10 15:44:13,228] 54 root _ INFO _ Hypothesis qty_nameservers: float64, float64 
[2023-03-10 15:44:13,244] 54 root _ INFO _ Hypothesis qty_mx_servers: float64, float64 
[2023-03-10 15:44:13,260] 54 root _ INFO _ Hypothesis ttl_hostname: float64, float64 
[2023-03-10 15:44:13,281] 54 root _ INFO _ Hypothesis tls_ssl_certificate: float64, float64 
[2023-03-10 15:44:13,293] 54 root _ INFO _ Hypothesis qty_redirects: float64, float64 
[2023-03-10 15:44:13,308] 54 root _ INFO _ Hypothesis url_google_index: float64, float64 
[2023-03-10 15:44:13,364] 54 root _ INFO _ Hypothesis domain_google_index: float64, float64 
[2023-03-10 15:44:13,420] 54 root _ INFO _ Hypothesis url_shortened: float64, float64 
[2023-03-10 15:44:13,475] 54 root _ INFO _ Hypothesis phishing: int64, float64 
[2023-03-10 15:44:13,530] 109 root _ INFO _ write report in yaml file
[2023-03-10 15:44:13,763] 112 root _ INFO _ preparing data_validation_artifact
[2023-03-10 15:44:13,764] 115 root _ INFO _ data validatrion artifact : DataValidationArtifact(report_file_path='/config/workspace/artifacts/10032023__154222/data_validation/report.yaml')
[2023-03-10 15:44:13,765] 18 root _ INFO _ <<<<<<<<<<<<<<<<<<<<<<<<<<<<<<<<<<<<<<<< DATA TRANSFORMATION >>>>>>>>>>>>>>>>>>>>>>>>>>>>>>>>>>>>>>>>  
[2023-03-10 15:44:13,766] 41 root _ INFO _ reading train data
[2023-03-10 15:44:16,137] 43 root _ INFO _ reading test data
[2023-03-10 15:44:16,921] 46 root _ INFO _ dividing iput and output features
[2023-03-10 15:44:16,963] 55 root _ INFO _ initiating transformation pipeline
[2023-03-10 15:44:16,963] 28 root _ INFO _ creating a pipoeline for imputing missing values
[2023-03-10 15:44:17,134] 63 root _ INFO _ this data set is imbalanced dataset so need to samoling technique
[2023-03-10 15:44:17,135] 66 root _ INFO _ before resampling in training set input: {input_feature_train_df.shape}  and target :{target_feature_train_arr.shape}
[2023-03-10 15:44:45,299] 68 root _ INFO _ after resampling training set input(84676, 111) and target:(84676,)
[2023-03-10 15:44:45,300] 70 root _ INFO _ Before resampling in testing set Input: (22162, 111) Target:(22162,)
[2023-03-10 15:45:06,793] 72 root _ INFO _ After resampling in testing set Input: (27908, 111) Target:(27908,)
[2023-03-10 15:45:06,794] 74 root _ INFO _ converting data new created data into an array
[2023-03-10 15:45:06,861] 80 root _ INFO _ storing  transformed train and transformed test dsatra in a file and transformation path
[2023-03-10 15:45:07,025] 42 root _ INFO _ Entered the save_object method of utils
[2023-03-10 15:45:07,029] 46 root _ INFO _ Exited the save_object method of utils
[2023-03-10 15:45:07,029] 86 root _ INFO _ preparing data transformation artifact
[2023-03-10 15:45:07,030] 94 root _ INFO _  data transformation artifact : DataTransformationArtifact(transform_object_path='/config/workspace/artifacts/10032023__154222/data_transformation/transformer/tranformer.pkl', transformed_train_path='/config/workspace/artifacts/10032023__154222/data_transformation/transformer/test.npz', transformed_test_path='/config/workspace/artifacts/10032023__154222/data_transformation/transformer/train.npz')
[2023-03-10 15:45:07,033] 16 root _ INFO _ <<<<<<<<<<<<<<<<<<<<<<<<<<<<<<<<<<<<<<<<  MODEL TRAINER >>>>>>>>>>>>>>>>>>>>>>>>>>>>>>>>>>>>>>>> 
[2023-03-10 15:45:07,033] 36 root _ INFO _ loading train arrayt and test array
[2023-03-10 15:45:07,100] 40 root _ INFO _  spliting inputr and target features in both test and train array
[2023-03-10 15:45:07,100] 44 root _ INFO _ train the modelk
[2023-03-10 15:45:07,101] 26 root _ INFO _ creating a function  for model building
[2023-03-10 15:45:40,575] 47 root _ INFO _ calculating f1 score for train data
[2023-03-10 15:45:43,666] 51 root _ INFO _ calculating f1 score for test data
[2023-03-10 15:45:44,717] 56 root _ INFO _ f1_train_score:0.9999645695794409  and f1_test_score is : 0.978504238349011
[2023-03-10 15:45:44,718] 59 root _ INFO _ checking our model is underfitting or overfitting or goood model
[2023-03-10 15:45:44,718] 64 root _ INFO _ checking our model is overfitting or not
[2023-03-10 15:45:44,718] 70 root _ INFO _ savinbg the model oibject 
[2023-03-10 15:45:44,718] 42 root _ INFO _ Entered the save_object method of utils
[2023-03-10 15:45:44,979] 46 root _ INFO _ Exited the save_object method of utils
[2023-03-10 15:45:44,980] 73 root _ INFO _ preparing the model trainer artifact
[2023-03-10 15:45:44,980] 77 root _ INFO _ model trainer artifact :ModelTrainerArtifact(model_path='/config/workspace/artifacts/10032023__154222/model_trainer/model/model.pkl', f1_train_score=0.9999645695794409, f1_test_score=0.978504238349011) 
[2023-03-10 15:45:44,981] 20 root _ INFO _ <<<<<<<<<<<<<<<<<<<<<<<<<<<<<<<<<<<<<<<<  MODEL EVALUATION >>>>>>>>>>>>>>>>>>>>>>>>>>>>>>>>>>>>>>>>
[2023-03-10 15:45:44,981] 40 root _ INFO _ finding the location of transformer path and model path
[2023-03-10 15:45:44,982] 45 root _ INFO _ previous trained objects of transformar and model
[2023-03-10 15:45:45,028] 50 root _ INFO _ currently trained transformation and model objects
[2023-03-10 15:45:46,831] 63 root _ INFO _ Accuracy using previous trained model: 0.9556336195680458
[2023-03-10 15:45:47,697] 70 root _ INFO _ Accuracy using current trained model: 0.9558938329430133
[2023-03-10 15:45:47,697] 78 root _ INFO _ preparing model evaluation artifact
[2023-03-10 15:45:47,697] 82 root _ INFO _ model_evaluation_artifact: ModelEvaluationArtifact(is_model_accepted=True, improved_accuracy=0.0002602133749675106)
[2023-03-10 15:45:47,698] 20 root _ INFO _ <<<<<<<<<<<<<<<<<<<<<<<<<<<<<<<<<<<<<<<<  MODEL PUSHER >>>>>>>>>>>>>>>>>>>>>>>>>>>>>>>>>>>>>>>>
[2023-03-10 15:45:47,699] 31 root _ INFO _ loading transformer and model
[2023-03-10 15:45:47,743] 35 root _ INFO _ saving the model into pusher directory
[2023-03-10 15:45:47,743] 42 root _ INFO _ Entered the save_object method of utils
[2023-03-10 15:45:47,745] 46 root _ INFO _ Exited the save_object method of utils
[2023-03-10 15:45:47,746] 42 root _ INFO _ Entered the save_object method of utils
[2023-03-10 15:45:47,950] 46 root _ INFO _ Exited the save_object method of utils
[2023-03-10 15:45:47,951] 40 root _ INFO _ saving the model in saved model directory
[2023-03-10 15:45:47,951] 42 root _ INFO _ Entered the save_object method of utils
[2023-03-10 15:45:47,953] 46 root _ INFO _ Exited the save_object method of utils
[2023-03-10 15:45:47,954] 42 root _ INFO _ Entered the save_object method of utils
[2023-03-10 15:45:48,200] 46 root _ INFO _ Exited the save_object method of utils
[2023-03-10 15:45:48,201] 48 root _ INFO _ preparing model pusher artifact
[2023-03-10 15:45:48,201] 52 root _ INFO _ model pusher artifact : ModelPusherArtifact(pusher_model_dir='/config/workspace/artifacts/10032023__154222/model_pusher/saved_models', saved_model_dir='saved_models')
